<?xml version="1.0" encoding="UTF-8" ?>
<testsuite failures="0" time="0.152" errors="0" skipped="0" tests="1" name="com.cybbj.test12.TestInsertUserGetId">
  <properties>
    <property name="java.runtime.name" value="Java(TM) SE Runtime Environment"/>
    <property name="sun.boot.library.path" value="D:\install_soft\Java\jdk1.7.0_60\jre\bin"/>
    <property name="java.vm.version" value="24.60-b09"/>
    <property name="java.vm.vendor" value="Oracle Corporation"/>
    <property name="java.vendor.url" value="http://java.oracle.com/"/>
    <property name="path.separator" value=";"/>
    <property name="guice.disable.misplaced.annotation.check" value="true"/>
    <property name="java.vm.name" value="Java HotSpot(TM) Client VM"/>
    <property name="file.encoding.pkg" value="sun.io"/>
    <property name="user.script" value=""/>
    <property name="user.country" value="CN"/>
    <property name="sun.java.launcher" value="SUN_STANDARD"/>
    <property name="sun.os.patch.level" value=""/>
    <property name="java.vm.specification.name" value="Java Virtual Machine Specification"/>
    <property name="user.dir" value="E:\repository\github\mybatis\spring_mybatis_demo1"/>
    <property name="java.runtime.version" value="1.7.0_60-b19"/>
    <property name="java.awt.graphicsenv" value="sun.awt.Win32GraphicsEnvironment"/>
    <property name="java.endorsed.dirs" value="D:\install_soft\Java\jdk1.7.0_60\jre\lib\endorsed"/>
    <property name="os.arch" value="x86"/>
    <property name="java.io.tmpdir" value="C:\Users\15989\AppData\Local\Temp\"/>
    <property name="line.separator" value="
"/>
    <property name="java.vm.specification.vendor" value="Oracle Corporation"/>
    <property name="user.variant" value=""/>
    <property name="os.name" value="Windows 8.1"/>
    <property name="classworlds.conf" value="E:\MyEclipse\workplace\.metadata\.plugins\org.eclipse.m2e.core\launches\m2conf3679524137537703489.tmp"/>
    <property name="sun.jnu.encoding" value="GBK"/>
    <property name="java.library.path" value="D:\install_soft\Java\jdk1.7.0_60\bin;C:\WINDOWS\Sun\Java\bin;C:\WINDOWS\system32;C:\WINDOWS;D:/install_soft/MyEclipse10.7/Common/binary/com.sun.java.jdk.win32.x86_1.6.0.013/jre/bin/client;D:/install_soft/MyEclipse10.7/Common/binary/com.sun.java.jdk.win32.x86_1.6.0.013/jre/bin;D:/install_soft/MyEclipse10.7/Common/binary/com.sun.java.jdk.win32.x86_1.6.0.013/jre/lib/i386;C:\ProgramData\Oracle\Java\javapath;C:\Program Files (x86)\Intel\iCLS Client\;C:\Program Files\Intel\iCLS Client\;C:\Windows\system32;C:\Windows;C:\Windows\System32\Wbem;C:\Windows\System32\WindowsPowerShell\v1.0\;C:\Program Files (x86)\NVIDIA Corporation\PhysX\Common;C:\Program Files (x86)\Intel\Intel(R) Management Engine Components\DAL;C:\Program Files\Intel\Intel(R) Management Engine Components\DAL;C:\Program Files (x86)\Intel\Intel(R) Management Engine Components\IPT;C:\Program Files\Intel\Intel(R) Management Engine Components\IPT;D:\install_soft\OpenSSL-Win32\bin;D:\install_soft\apache-ant-1.9.6\bin;D:\install_soft\apache-maven-3.2.5\bin;C:\Program Files\Intel\WiFi\bin\;C:\Program Files\Common Files\Intel\WirelessCommon\;D:\install_soft\tortoise\bin;C:\WINDOWS\system32;C:\WINDOWS;C:\WINDOWS\System32\Wbem;C:\WINDOWS\System32\WindowsPowerShell\v1.0\;C:\strawberry\c\bin;C:\strawberry\perl\bin;C:\Program Files\MySQL\MySQL Utilities 1.6\;D:\install_soft\Java\jdk1.8.101\bin;D:\install_soft\Java\jdk1.8.101\jre\bin;;C:\Users\15989\AppData\Local\Microsoft\WindowsApps;."/>
    <property name="java.specification.name" value="Java Platform API Specification"/>
    <property name="java.class.version" value="51.0"/>
    <property name="sun.management.compiler" value="HotSpot Client Compiler"/>
    <property name="os.version" value="6.3"/>
    <property name="user.home" value="C:\Users\15989"/>
    <property name="user.timezone" value="Asia/Shanghai"/>
    <property name="java.awt.printerjob" value="sun.awt.windows.WPrinterJob"/>
    <property name="java.specification.version" value="1.7"/>
    <property name="file.encoding" value="UTF-8"/>
    <property name="user.name" value="15989"/>
    <property name="java.class.path" value="D:\install_soft\apache-maven-3.2.5\boot\plexus-classworlds-2.5.2.jar"/>
    <property name="java.vm.specification.version" value="1.7"/>
    <property name="sun.arch.data.model" value="32"/>
    <property name="java.home" value="D:\install_soft\Java\jdk1.7.0_60\jre"/>
    <property name="sun.java.command" value="org.codehaus.classworlds.Launcher -B -s D:\install_soft\apache-maven-3.2.5\conf\settings.xml clean test"/>
    <property name="java.specification.vendor" value="Oracle Corporation"/>
    <property name="user.language" value="zh"/>
    <property name="awt.toolkit" value="sun.awt.windows.WToolkit"/>
    <property name="java.vm.info" value="mixed mode, sharing"/>
    <property name="java.version" value="1.7.0_60"/>
    <property name="java.ext.dirs" value="D:\install_soft\Java\jdk1.7.0_60\jre\lib\ext;C:\WINDOWS\Sun\Java\lib\ext"/>
    <property name="sun.boot.class.path" value="D:\install_soft\Java\jdk1.7.0_60\jre\lib\resources.jar;D:\install_soft\Java\jdk1.7.0_60\jre\lib\rt.jar;D:\install_soft\Java\jdk1.7.0_60\jre\lib\sunrsasign.jar;D:\install_soft\Java\jdk1.7.0_60\jre\lib\jsse.jar;D:\install_soft\Java\jdk1.7.0_60\jre\lib\jce.jar;D:\install_soft\Java\jdk1.7.0_60\jre\lib\charsets.jar;D:\install_soft\Java\jdk1.7.0_60\jre\lib\jfr.jar;D:\install_soft\Java\jdk1.7.0_60\jre\classes"/>
    <property name="java.vendor" value="Oracle Corporation"/>
    <property name="maven.home" value="D:\install_soft\apache-maven-3.2.5"/>
    <property name="file.separator" value="\"/>
    <property name="java.vendor.url.bug" value="http://bugreport.sun.com/bugreport/"/>
    <property name="sun.cpu.endian" value="little"/>
    <property name="sun.io.unicode.encoding" value="UnicodeLittle"/>
    <property name="sun.desktop" value="windows"/>
    <property name="sun.cpu.isalist" value="pentium_pro+mmx pentium_pro pentium+mmx pentium i486 i386 i86"/>
  </properties>
  <testcase time="0.152" classname="com.cybbj.test12.TestInsertUserGetId" name="userTest"/>
</testsuite>